2021-01-15 16:44:47,824 INFO o.a.j.u.JMeterUtils: Setting Locale to zh_CN
2021-01-15 16:44:47,853 INFO o.a.j.JMeter: Loading user properties from: D:\apache-jmeter-5.0\bin\user.properties
2021-01-15 16:44:47,854 INFO o.a.j.JMeter: Loading system properties from: D:\apache-jmeter-5.0\bin\system.properties
2021-01-15 16:44:47,862 INFO o.a.j.JMeter: Copyright (c) 1998-2018 The Apache Software Foundation
2021-01-15 16:44:47,862 INFO o.a.j.JMeter: Version 5.0 r1840935
2021-01-15 16:44:47,862 INFO o.a.j.JMeter: java.version=1.8.0_221
2021-01-15 16:44:47,863 INFO o.a.j.JMeter: java.vm.name=Java HotSpot(TM) 64-Bit Server VM
2021-01-15 16:44:47,863 INFO o.a.j.JMeter: os.name=Windows 10
2021-01-15 16:44:47,863 INFO o.a.j.JMeter: os.arch=amd64
2021-01-15 16:44:47,863 INFO o.a.j.JMeter: os.version=10.0
2021-01-15 16:44:47,863 INFO o.a.j.JMeter: file.encoding=GBK
2021-01-15 16:44:47,863 INFO o.a.j.JMeter: Max memory     =1073741824
2021-01-15 16:44:47,863 INFO o.a.j.JMeter: Available Processors =4
2021-01-15 16:44:47,869 INFO o.a.j.JMeter: Default Locale=English (EN)
2021-01-15 16:44:47,869 INFO o.a.j.JMeter: JMeter  Locale=Chinese (China)
2021-01-15 16:44:47,869 INFO o.a.j.JMeter: JMeterHome=D:\apache-jmeter-5.0
2021-01-15 16:44:47,869 INFO o.a.j.JMeter: user.dir  =D:\workspace\dubbo
2021-01-15 16:44:47,870 INFO o.a.j.JMeter: PWD       =D:\workspace\dubbo
2021-01-15 16:44:47,875 INFO o.a.j.JMeter: IP: 10.8.152.65 Name: XM-YZS-1907029 FullName: LocalInfogoHost
2021-01-15 16:44:48,324 INFO o.a.j.g.a.LookAndFeelCommand: Installing Darcula LAF
2021-01-15 16:44:48,367 INFO o.a.j.g.a.LookAndFeelCommand: Using look and feel: com.bulenkov.darcula.DarculaLaf [Darcula]
2021-01-15 16:44:48,368 INFO o.a.j.JMeter: Setting LAF to: com.bulenkov.darcula.DarculaLaf
2021-01-15 16:44:48,530 INFO o.a.j.JMeter: Loaded icon properties from org/apache/jmeter/images/icon.properties
2021-01-15 16:44:49,533 INFO o.a.j.e.u.CompoundVariable: Note: Function class names must contain the string: '.functions.'
2021-01-15 16:44:49,534 INFO o.a.j.e.u.CompoundVariable: Note: Function class names must not contain the string: '.gui.'
2021-01-15 16:44:52,766 INFO o.a.j.p.h.s.HTTPSamplerBase: Parser for text/html is org.apache.jmeter.protocol.http.parser.LagartoBasedHtmlParser
2021-01-15 16:44:52,767 INFO o.a.j.p.h.s.HTTPSamplerBase: Parser for application/xhtml+xml is org.apache.jmeter.protocol.http.parser.LagartoBasedHtmlParser
2021-01-15 16:44:52,767 INFO o.a.j.p.h.s.HTTPSamplerBase: Parser for application/xml is org.apache.jmeter.protocol.http.parser.LagartoBasedHtmlParser
2021-01-15 16:44:52,767 INFO o.a.j.p.h.s.HTTPSamplerBase: Parser for text/xml is org.apache.jmeter.protocol.http.parser.LagartoBasedHtmlParser
2021-01-15 16:44:52,768 INFO o.a.j.p.h.s.HTTPSamplerBase: Parser for text/vnd.wap.wml is org.apache.jmeter.protocol.http.parser.RegexpHTMLParser
2021-01-15 16:44:52,768 INFO o.a.j.p.h.s.HTTPSamplerBase: Parser for text/css is org.apache.jmeter.protocol.http.parser.CssParser
2021-01-15 16:44:54,398 INFO o.a.j.e.KeyToolUtils: keytool found at 'keytool'
2021-01-15 16:44:54,399 INFO o.a.j.p.h.p.ProxyControl: HTTP(S) Test Script Recorder SSL Proxy will use keys that support embedded 3rd party resources in file D:\apache-jmeter-5.0\bin\proxyserver.jks
2021-01-15 16:44:54,727 INFO o.a.j.s.FileServer: Default base='D:\workspace\dubbo'
2021-01-15 16:44:56,956 INFO o.a.j.s.SampleResult: Note: Sample TimeStamps are START times
2021-01-15 16:44:56,956 INFO o.a.j.s.SampleResult: sampleresult.default.encoding is set to ISO-8859-1
2021-01-15 16:44:56,956 INFO o.a.j.s.SampleResult: sampleresult.useNanoTime=true
2021-01-15 16:44:56,957 INFO o.a.j.s.SampleResult: sampleresult.nanoThreadSleep=5000
2021-01-15 16:45:05,353 INFO o.a.j.g.a.Load: Loading file: D:\workspace\dubbo\HTTP请求.jmx
2021-01-15 16:45:05,353 INFO o.a.j.s.FileServer: Set new base='D:\workspace\dubbo'
2021-01-15 16:45:05,524 INFO o.a.j.s.SaveService: Testplan (JMX) version: 2.2. Testlog (JTL) version: 2.2
2021-01-15 16:45:05,543 INFO o.a.j.s.SaveService: Using SaveService properties file encoding UTF-8
2021-01-15 16:45:05,545 INFO o.a.j.s.SaveService: Using SaveService properties version 5.0
2021-01-15 16:45:05,549 INFO o.a.j.s.SaveService: Loading file: D:\workspace\dubbo\HTTP请求.jmx
2021-01-15 16:45:05,870 INFO o.a.j.s.FileServer: Set new base='D:\workspace\dubbo'
2021-01-15 16:45:10,307 INFO o.a.j.e.StandardJMeterEngine: Running the test!
2021-01-15 16:45:10,309 INFO o.a.j.s.SampleEvent: List of sample_variables: []
2021-01-15 16:45:10,309 INFO o.a.j.s.SampleEvent: List of sample_variables: []
2021-01-15 16:45:10,315 INFO o.a.j.g.u.JMeterMenuBar: setRunning(true, *local*)
2021-01-15 16:45:10,551 INFO o.a.j.e.StandardJMeterEngine: Starting ThreadGroup: 1 : 线程组
2021-01-15 16:45:10,552 INFO o.a.j.e.StandardJMeterEngine: Starting 10 threads for group 线程组.
2021-01-15 16:45:10,552 INFO o.a.j.e.StandardJMeterEngine: Thread will continue on error
2021-01-15 16:45:10,552 INFO o.a.j.t.ThreadGroup: Starting thread group... number=1 threads=10 ramp-up=1 perThread=100.0 delayedStart=false
2021-01-15 16:45:10,560 INFO o.a.j.t.JMeterThread: Thread started: 线程组 1-1
2021-01-15 16:45:10,563 INFO o.a.j.t.ThreadGroup: Started thread group number 1
2021-01-15 16:45:10,563 INFO o.a.j.e.StandardJMeterEngine: All thread groups have been started
2021-01-15 16:45:10,589 INFO o.a.j.p.h.s.HTTPHCAbstractImpl: Local host = XM-YZS-1907029
2021-01-15 16:45:10,601 INFO o.a.j.p.h.s.HTTPHC4Impl: HTTP request retry count = 0
2021-01-15 16:45:10,664 INFO o.a.j.t.JMeterThread: Thread started: 线程组 1-2
2021-01-15 16:45:10,761 INFO o.a.j.t.JMeterThread: Thread started: 线程组 1-3
2021-01-15 16:45:10,777 INFO o.a.j.u.JsseSSLManager: Using default SSL protocol: TLS
2021-01-15 16:45:10,778 INFO o.a.j.u.JsseSSLManager: SSL session context: per-thread
2021-01-15 16:45:10,855 INFO o.a.j.t.JMeterThread: Thread is done: 线程组 1-1
2021-01-15 16:45:10,855 INFO o.a.j.t.JMeterThread: Thread finished: 线程组 1-1
2021-01-15 16:45:10,873 INFO o.a.j.t.JMeterThread: Thread started: 线程组 1-4
2021-01-15 16:45:10,939 INFO o.a.j.t.JMeterThread: Thread is done: 线程组 1-3
2021-01-15 16:45:10,940 INFO o.a.j.t.JMeterThread: Thread finished: 线程组 1-3
2021-01-15 16:45:10,959 INFO o.a.j.t.JMeterThread: Thread is done: 线程组 1-2
2021-01-15 16:45:10,959 INFO o.a.j.t.JMeterThread: Thread finished: 线程组 1-2
2021-01-15 16:45:10,974 INFO o.a.j.t.JMeterThread: Thread started: 线程组 1-5
2021-01-15 16:45:10,991 INFO o.a.j.t.JMeterThread: Thread is done: 线程组 1-4
2021-01-15 16:45:10,991 INFO o.a.j.t.JMeterThread: Thread finished: 线程组 1-4
2021-01-15 16:45:11,063 INFO o.a.j.t.JMeterThread: Thread is done: 线程组 1-5
2021-01-15 16:45:11,063 INFO o.a.j.t.JMeterThread: Thread finished: 线程组 1-5
2021-01-15 16:45:11,074 INFO o.a.j.t.JMeterThread: Thread started: 线程组 1-6
2021-01-15 16:45:11,169 INFO o.a.j.t.JMeterThread: Thread is done: 线程组 1-6
2021-01-15 16:45:11,169 INFO o.a.j.t.JMeterThread: Thread finished: 线程组 1-6
2021-01-15 16:45:11,174 INFO o.a.j.t.JMeterThread: Thread started: 线程组 1-7
2021-01-15 16:45:11,274 INFO o.a.j.t.JMeterThread: Thread started: 线程组 1-8
2021-01-15 16:45:11,374 INFO o.a.j.t.JMeterThread: Thread started: 线程组 1-9
2021-01-15 16:45:11,474 INFO o.a.j.t.JMeterThread: Thread started: 线程组 1-10
2021-01-15 16:45:11,644 INFO o.a.j.t.JMeterThread: Thread is done: 线程组 1-7
2021-01-15 16:45:11,644 INFO o.a.j.t.JMeterThread: Thread finished: 线程组 1-7
2021-01-15 16:45:11,711 INFO o.a.j.t.JMeterThread: Thread is done: 线程组 1-8
2021-01-15 16:45:11,712 INFO o.a.j.t.JMeterThread: Thread finished: 线程组 1-8
2021-01-15 16:45:11,731 INFO o.a.j.t.JMeterThread: Thread is done: 线程组 1-9
2021-01-15 16:45:11,731 INFO o.a.j.t.JMeterThread: Thread finished: 线程组 1-9
2021-01-15 16:45:11,738 INFO o.a.j.t.JMeterThread: Thread is done: 线程组 1-10
2021-01-15 16:45:11,738 INFO o.a.j.t.JMeterThread: Thread finished: 线程组 1-10
2021-01-15 16:45:11,739 INFO o.a.j.e.StandardJMeterEngine: Notifying test listeners of end of test
2021-01-15 16:45:11,739 INFO o.a.j.g.u.JMeterMenuBar: setRunning(false, *local*)
2021-01-15 17:24:05,574 INFO o.a.j.e.StandardJMeterEngine: Running the test!
2021-01-15 17:24:05,578 INFO o.a.j.s.SampleEvent: List of sample_variables: []
2021-01-15 17:24:05,580 INFO o.a.j.g.u.JMeterMenuBar: setRunning(true, *local*)
2021-01-15 17:24:05,858 INFO o.a.j.e.StandardJMeterEngine: Starting ThreadGroup: 1 : 线程组
2021-01-15 17:24:05,858 INFO o.a.j.e.StandardJMeterEngine: Starting 10 threads for group 线程组.
2021-01-15 17:24:05,858 INFO o.a.j.e.StandardJMeterEngine: Thread will continue on error
2021-01-15 17:24:05,859 INFO o.a.j.t.ThreadGroup: Starting thread group... number=1 threads=10 ramp-up=1 perThread=100.0 delayedStart=false
2021-01-15 17:24:05,862 INFO o.a.j.t.ThreadGroup: Started thread group number 1
2021-01-15 17:24:05,863 INFO o.a.j.e.StandardJMeterEngine: All thread groups have been started
2021-01-15 17:24:05,860 INFO o.a.j.t.JMeterThread: Thread started: 线程组 1-1
2021-01-15 17:24:05,957 INFO o.a.j.t.JMeterThread: Thread is done: 线程组 1-1
2021-01-15 17:24:05,957 INFO o.a.j.t.JMeterThread: Thread finished: 线程组 1-1
2021-01-15 17:24:05,967 INFO o.a.j.t.JMeterThread: Thread started: 线程组 1-2
2021-01-15 17:24:06,047 INFO o.a.j.t.JMeterThread: Thread is done: 线程组 1-2
2021-01-15 17:24:06,047 INFO o.a.j.t.JMeterThread: Thread finished: 线程组 1-2
2021-01-15 17:24:06,068 INFO o.a.j.t.JMeterThread: Thread started: 线程组 1-3
2021-01-15 17:24:06,123 INFO o.a.j.t.JMeterThread: Thread is done: 线程组 1-3
2021-01-15 17:24:06,124 INFO o.a.j.t.JMeterThread: Thread finished: 线程组 1-3
2021-01-15 17:24:06,168 INFO o.a.j.t.JMeterThread: Thread started: 线程组 1-4
2021-01-15 17:24:06,248 INFO o.a.j.t.JMeterThread: Thread is done: 线程组 1-4
2021-01-15 17:24:06,249 INFO o.a.j.t.JMeterThread: Thread finished: 线程组 1-4
2021-01-15 17:24:06,269 INFO o.a.j.t.JMeterThread: Thread started: 线程组 1-5
2021-01-15 17:24:06,369 INFO o.a.j.t.JMeterThread: Thread started: 线程组 1-6
2021-01-15 17:24:06,470 INFO o.a.j.t.JMeterThread: Thread started: 线程组 1-7
2021-01-15 17:24:06,509 INFO o.a.j.t.JMeterThread: Thread is done: 线程组 1-5
2021-01-15 17:24:06,509 INFO o.a.j.t.JMeterThread: Thread finished: 线程组 1-5
2021-01-15 17:24:06,570 INFO o.a.j.t.JMeterThread: Thread started: 线程组 1-8
2021-01-15 17:24:06,671 INFO o.a.j.t.JMeterThread: Thread started: 线程组 1-9
2021-01-15 17:24:06,716 INFO o.a.j.t.JMeterThread: Thread is done: 线程组 1-7
2021-01-15 17:24:06,716 INFO o.a.j.t.JMeterThread: Thread finished: 线程组 1-7
2021-01-15 17:24:06,723 INFO o.a.j.t.JMeterThread: Thread is done: 线程组 1-8
2021-01-15 17:24:06,723 INFO o.a.j.t.JMeterThread: Thread finished: 线程组 1-8
2021-01-15 17:24:06,751 INFO o.a.j.t.JMeterThread: Thread is done: 线程组 1-6
2021-01-15 17:24:06,751 INFO o.a.j.t.JMeterThread: Thread finished: 线程组 1-6
2021-01-15 17:24:06,773 INFO o.a.j.t.JMeterThread: Thread started: 线程组 1-10
2021-01-15 17:24:06,918 INFO o.a.j.t.JMeterThread: Thread is done: 线程组 1-9
2021-01-15 17:24:06,918 INFO o.a.j.t.JMeterThread: Thread finished: 线程组 1-9
2021-01-15 17:24:06,955 INFO o.a.j.t.JMeterThread: Thread is done: 线程组 1-10
2021-01-15 17:24:06,955 INFO o.a.j.t.JMeterThread: Thread finished: 线程组 1-10
2021-01-15 17:24:06,956 INFO o.a.j.e.StandardJMeterEngine: Notifying test listeners of end of test
2021-01-15 17:24:06,956 INFO o.a.j.g.u.JMeterMenuBar: setRunning(false, *local*)
2021-01-15 17:25:14,224 INFO o.a.j.e.StandardJMeterEngine: Running the test!
2021-01-15 17:25:14,225 INFO o.a.j.s.SampleEvent: List of sample_variables: []
2021-01-15 17:25:14,226 INFO o.a.j.g.u.JMeterMenuBar: setRunning(true, *local*)
2021-01-15 17:25:14,387 INFO o.a.j.e.StandardJMeterEngine: Starting ThreadGroup: 1 : 线程组
2021-01-15 17:25:14,387 INFO o.a.j.e.StandardJMeterEngine: Starting 10 threads for group 线程组.
2021-01-15 17:25:14,387 INFO o.a.j.e.StandardJMeterEngine: Thread will continue on error
2021-01-15 17:25:14,388 INFO o.a.j.t.ThreadGroup: Starting thread group... number=1 threads=10 ramp-up=1 perThread=100.0 delayedStart=false
2021-01-15 17:25:14,393 INFO o.a.j.t.ThreadGroup: Started thread group number 1
2021-01-15 17:25:14,393 INFO o.a.j.e.StandardJMeterEngine: All thread groups have been started
2021-01-15 17:25:14,402 INFO o.a.j.t.JMeterThread: Thread started: 线程组 1-1
2021-01-15 17:25:14,509 INFO o.a.j.t.JMeterThread: Thread started: 线程组 1-2
2021-01-15 17:25:14,609 INFO o.a.j.t.JMeterThread: Thread started: 线程组 1-3
2021-01-15 17:25:14,722 INFO o.a.j.t.JMeterThread: Thread started: 线程组 1-4
2021-01-15 17:25:14,809 INFO o.a.j.t.JMeterThread: Thread started: 线程组 1-5
2021-01-15 17:25:14,950 INFO o.a.j.t.JMeterThread: Thread started: 线程组 1-6
2021-01-15 17:25:15,012 INFO o.a.j.t.JMeterThread: Thread started: 线程组 1-7
2021-01-15 17:25:15,127 INFO o.a.j.t.JMeterThread: Thread started: 线程组 1-8
2021-01-15 17:25:15,261 INFO o.a.j.t.JMeterThread: Thread started: 线程组 1-9
2021-01-15 17:25:15,317 INFO o.a.j.t.JMeterThread: Thread started: 线程组 1-10
2021-01-15 17:25:16,406 INFO o.a.j.t.JMeterThread: Thread is done: 线程组 1-8
2021-01-15 17:25:16,406 INFO o.a.j.t.JMeterThread: Thread finished: 线程组 1-8
2021-01-15 17:25:16,411 INFO o.a.j.t.JMeterThread: Thread is done: 线程组 1-4
2021-01-15 17:25:16,411 INFO o.a.j.t.JMeterThread: Thread finished: 线程组 1-4
2021-01-15 17:25:16,415 INFO o.a.j.t.JMeterThread: Thread is done: 线程组 1-9
2021-01-15 17:25:16,415 INFO o.a.j.t.JMeterThread: Thread finished: 线程组 1-9
2021-01-15 17:25:16,419 INFO o.a.j.t.JMeterThread: Thread is done: 线程组 1-2
2021-01-15 17:25:16,420 INFO o.a.j.t.JMeterThread: Thread finished: 线程组 1-2
2021-01-15 17:25:16,427 INFO o.a.j.t.JMeterThread: Thread is done: 线程组 1-5
2021-01-15 17:25:16,427 INFO o.a.j.t.JMeterThread: Thread finished: 线程组 1-5
2021-01-15 17:25:16,443 INFO o.a.j.t.JMeterThread: Thread is done: 线程组 1-3
2021-01-15 17:25:16,443 INFO o.a.j.t.JMeterThread: Thread finished: 线程组 1-3
2021-01-15 17:25:16,476 INFO o.a.j.t.JMeterThread: Thread is done: 线程组 1-1
2021-01-15 17:25:16,476 INFO o.a.j.t.JMeterThread: Thread finished: 线程组 1-1
2021-01-15 17:25:16,483 INFO o.a.j.t.JMeterThread: Thread is done: 线程组 1-7
2021-01-15 17:25:16,483 INFO o.a.j.t.JMeterThread: Thread finished: 线程组 1-7
2021-01-15 17:25:16,487 INFO o.a.j.t.JMeterThread: Thread is done: 线程组 1-6
2021-01-15 17:25:16,487 INFO o.a.j.t.JMeterThread: Thread finished: 线程组 1-6
2021-01-15 17:25:16,499 INFO o.a.j.t.JMeterThread: Thread is done: 线程组 1-10
2021-01-15 17:25:16,499 INFO o.a.j.t.JMeterThread: Thread finished: 线程组 1-10
2021-01-15 17:25:16,503 INFO o.a.j.e.StandardJMeterEngine: Notifying test listeners of end of test
2021-01-15 17:25:16,504 INFO o.a.j.g.u.JMeterMenuBar: setRunning(false, *local*)
2021-01-15 17:26:15,786 INFO o.a.j.e.StandardJMeterEngine: Running the test!
2021-01-15 17:26:15,787 INFO o.a.j.s.SampleEvent: List of sample_variables: []
2021-01-15 17:26:15,788 INFO o.a.j.g.u.JMeterMenuBar: setRunning(true, *local*)
2021-01-15 17:26:15,923 INFO o.a.j.e.StandardJMeterEngine: Starting ThreadGroup: 1 : 线程组
2021-01-15 17:26:15,923 INFO o.a.j.e.StandardJMeterEngine: Starting 10 threads for group 线程组.
2021-01-15 17:26:15,924 INFO o.a.j.e.StandardJMeterEngine: Thread will continue on error
2021-01-15 17:26:15,924 INFO o.a.j.t.ThreadGroup: Starting thread group... number=1 threads=10 ramp-up=1 perThread=100.0 delayedStart=false
2021-01-15 17:26:15,925 INFO o.a.j.t.JMeterThread: Thread started: 线程组 1-1
2021-01-15 17:26:15,927 INFO o.a.j.t.ThreadGroup: Started thread group number 1
2021-01-15 17:26:15,927 INFO o.a.j.e.StandardJMeterEngine: All thread groups have been started
2021-01-15 17:26:16,009 INFO o.a.j.t.JMeterThread: Thread is done: 线程组 1-1
2021-01-15 17:26:16,010 INFO o.a.j.t.JMeterThread: Thread finished: 线程组 1-1
2021-01-15 17:26:16,032 INFO o.a.j.t.JMeterThread: Thread started: 线程组 1-2
2021-01-15 17:26:16,100 INFO o.a.j.t.JMeterThread: Thread is done: 线程组 1-2
2021-01-15 17:26:16,101 INFO o.a.j.t.JMeterThread: Thread finished: 线程组 1-2
2021-01-15 17:26:16,133 INFO o.a.j.t.JMeterThread: Thread started: 线程组 1-3
2021-01-15 17:26:16,230 INFO o.a.j.t.JMeterThread: Thread is done: 线程组 1-3
2021-01-15 17:26:16,233 INFO o.a.j.t.JMeterThread: Thread finished: 线程组 1-3
2021-01-15 17:26:16,244 INFO o.a.j.t.JMeterThread: Thread started: 线程组 1-4
2021-01-15 17:26:16,344 INFO o.a.j.t.JMeterThread: Thread started: 线程组 1-5
2021-01-15 17:26:16,386 INFO o.a.j.t.JMeterThread: Thread is done: 线程组 1-4
2021-01-15 17:26:16,386 INFO o.a.j.t.JMeterThread: Thread finished: 线程组 1-4
2021-01-15 17:26:16,434 INFO o.a.j.t.JMeterThread: Thread is done: 线程组 1-5
2021-01-15 17:26:16,434 INFO o.a.j.t.JMeterThread: Thread finished: 线程组 1-5
2021-01-15 17:26:16,436 INFO o.a.j.t.JMeterThread: Thread started: 线程组 1-6
2021-01-15 17:26:16,497 INFO o.a.j.t.JMeterThread: Thread is done: 线程组 1-6
2021-01-15 17:26:16,497 INFO o.a.j.t.JMeterThread: Thread finished: 线程组 1-6
2021-01-15 17:26:16,536 INFO o.a.j.t.JMeterThread: Thread started: 线程组 1-7
2021-01-15 17:26:16,676 INFO o.a.j.t.JMeterThread: Thread started: 线程组 1-8
2021-01-15 17:26:16,720 INFO o.a.j.t.JMeterThread: Thread is done: 线程组 1-7
2021-01-15 17:26:16,720 INFO o.a.j.t.JMeterThread: Thread finished: 线程组 1-7
2021-01-15 17:26:16,737 INFO o.a.j.t.JMeterThread: Thread started: 线程组 1-9
2021-01-15 17:26:16,855 INFO o.a.j.t.JMeterThread: Thread started: 线程组 1-10
2021-01-15 17:26:16,922 INFO o.a.j.t.JMeterThread: Thread is done: 线程组 1-8
2021-01-15 17:26:16,923 INFO o.a.j.t.JMeterThread: Thread finished: 线程组 1-8
2021-01-15 17:26:16,983 INFO o.a.j.t.JMeterThread: Thread is done: 线程组 1-9
2021-01-15 17:26:16,983 INFO o.a.j.t.JMeterThread: Thread finished: 线程组 1-9
2021-01-15 17:26:17,009 INFO o.a.j.t.JMeterThread: Thread is done: 线程组 1-10
2021-01-15 17:26:17,009 INFO o.a.j.t.JMeterThread: Thread finished: 线程组 1-10
2021-01-15 17:26:17,010 INFO o.a.j.e.StandardJMeterEngine: Notifying test listeners of end of test
2021-01-15 17:26:17,010 INFO o.a.j.g.u.JMeterMenuBar: setRunning(false, *local*)
2021-01-15 17:27:50,304 INFO o.a.j.e.StandardJMeterEngine: Running the test!
2021-01-15 17:27:50,305 INFO o.a.j.s.SampleEvent: List of sample_variables: []
2021-01-15 17:27:50,306 INFO o.a.j.g.u.JMeterMenuBar: setRunning(true, *local*)
2021-01-15 17:27:50,428 INFO o.a.j.e.StandardJMeterEngine: Starting ThreadGroup: 1 : 线程组
2021-01-15 17:27:50,428 INFO o.a.j.e.StandardJMeterEngine: Starting 10 threads for group 线程组.
2021-01-15 17:27:50,428 INFO o.a.j.e.StandardJMeterEngine: Thread will continue on error
2021-01-15 17:27:50,429 INFO o.a.j.t.ThreadGroup: Starting thread group... number=1 threads=10 ramp-up=1 perThread=100.0 delayedStart=false
2021-01-15 17:27:50,430 INFO o.a.j.t.JMeterThread: Thread started: 线程组 1-1
2021-01-15 17:27:50,432 INFO o.a.j.t.ThreadGroup: Started thread group number 1
2021-01-15 17:27:50,433 INFO o.a.j.e.StandardJMeterEngine: All thread groups have been started
2021-01-15 17:27:50,517 INFO o.a.j.t.JMeterThread: Thread is done: 线程组 1-1
2021-01-15 17:27:50,517 INFO o.a.j.t.JMeterThread: Thread finished: 线程组 1-1
2021-01-15 17:27:50,535 INFO o.a.j.t.JMeterThread: Thread started: 线程组 1-2
2021-01-15 17:27:50,581 INFO o.a.j.t.JMeterThread: Thread is done: 线程组 1-2
2021-01-15 17:27:50,581 INFO o.a.j.t.JMeterThread: Thread finished: 线程组 1-2
2021-01-15 17:27:50,635 INFO o.a.j.t.JMeterThread: Thread started: 线程组 1-3
2021-01-15 17:27:50,673 INFO o.a.j.t.JMeterThread: Thread is done: 线程组 1-3
2021-01-15 17:27:50,673 INFO o.a.j.t.JMeterThread: Thread finished: 线程组 1-3
2021-01-15 17:27:50,736 INFO o.a.j.t.JMeterThread: Thread started: 线程组 1-4
2021-01-15 17:27:50,798 INFO o.a.j.t.JMeterThread: Thread is done: 线程组 1-4
2021-01-15 17:27:50,798 INFO o.a.j.t.JMeterThread: Thread finished: 线程组 1-4
2021-01-15 17:27:50,837 INFO o.a.j.t.JMeterThread: Thread started: 线程组 1-5
2021-01-15 17:27:51,119 INFO o.a.j.t.JMeterThread: Thread started: 线程组 1-6
2021-01-15 17:27:51,144 INFO o.a.j.t.JMeterThread: Thread started: 线程组 1-7
2021-01-15 17:27:51,183 INFO o.a.j.t.JMeterThread: Thread started: 线程组 1-8
2021-01-15 17:27:51,249 INFO o.a.j.t.JMeterThread: Thread started: 线程组 1-9
2021-01-15 17:27:51,337 INFO o.a.j.t.JMeterThread: Thread started: 线程组 1-10
2021-01-15 17:27:51,395 INFO o.a.j.t.JMeterThread: Thread is done: 线程组 1-5
2021-01-15 17:27:51,395 INFO o.a.j.t.JMeterThread: Thread finished: 线程组 1-5
2021-01-15 17:27:51,435 INFO o.a.j.t.JMeterThread: Thread is done: 线程组 1-6
2021-01-15 17:27:51,436 INFO o.a.j.t.JMeterThread: Thread finished: 线程组 1-6
2021-01-15 17:27:51,441 INFO o.a.j.t.JMeterThread: Thread is done: 线程组 1-9
2021-01-15 17:27:51,441 INFO o.a.j.t.JMeterThread: Thread finished: 线程组 1-9
2021-01-15 17:27:51,445 INFO o.a.j.t.JMeterThread: Thread is done: 线程组 1-8
2021-01-15 17:27:51,445 INFO o.a.j.t.JMeterThread: Thread finished: 线程组 1-8
2021-01-15 17:27:51,472 INFO o.a.j.t.JMeterThread: Thread is done: 线程组 1-7
2021-01-15 17:27:51,472 INFO o.a.j.t.JMeterThread: Thread finished: 线程组 1-7
2021-01-15 17:27:51,477 INFO o.a.j.t.JMeterThread: Thread is done: 线程组 1-10
2021-01-15 17:27:51,477 INFO o.a.j.t.JMeterThread: Thread finished: 线程组 1-10
2021-01-15 17:27:51,478 INFO o.a.j.e.StandardJMeterEngine: Notifying test listeners of end of test
2021-01-15 17:27:51,478 INFO o.a.j.g.u.JMeterMenuBar: setRunning(false, *local*)
2021-01-15 17:28:52,097 INFO o.a.j.e.StandardJMeterEngine: Running the test!
2021-01-15 17:28:52,098 INFO o.a.j.s.SampleEvent: List of sample_variables: []
2021-01-15 17:28:52,098 INFO o.a.j.g.u.JMeterMenuBar: setRunning(true, *local*)
2021-01-15 17:28:52,110 INFO o.a.j.e.StandardJMeterEngine: Starting ThreadGroup: 1 : 线程组
2021-01-15 17:28:52,110 INFO o.a.j.e.StandardJMeterEngine: Starting 10 threads for group 线程组.
2021-01-15 17:28:52,110 INFO o.a.j.e.StandardJMeterEngine: Thread will continue on error
2021-01-15 17:28:52,110 INFO o.a.j.t.ThreadGroup: Starting thread group... number=1 threads=10 ramp-up=1 perThread=100.0 delayedStart=false
2021-01-15 17:28:52,113 INFO o.a.j.t.ThreadGroup: Started thread group number 1
2021-01-15 17:28:52,113 INFO o.a.j.e.StandardJMeterEngine: All thread groups have been started
2021-01-15 17:28:52,118 INFO o.a.j.t.JMeterThread: Thread started: 线程组 1-1
2021-01-15 17:28:52,224 INFO o.a.j.t.JMeterThread: Thread started: 线程组 1-2
2021-01-15 17:28:52,317 INFO o.a.j.t.JMeterThread: Thread started: 线程组 1-3
2021-01-15 17:28:52,424 INFO o.a.j.t.JMeterThread: Thread started: 线程组 1-4
2021-01-15 17:28:52,518 INFO o.a.j.t.JMeterThread: Thread started: 线程组 1-5
2021-01-15 17:28:52,618 INFO o.a.j.t.JMeterThread: Thread started: 线程组 1-6
2021-01-15 17:28:52,719 INFO o.a.j.t.JMeterThread: Thread started: 线程组 1-7
2021-01-15 17:28:52,824 INFO o.a.j.t.JMeterThread: Thread started: 线程组 1-8
2021-01-15 17:28:52,941 INFO o.a.j.t.JMeterThread: Thread started: 线程组 1-9
2021-01-15 17:28:53,060 INFO o.a.j.t.JMeterThread: Thread started: 线程组 1-10
2021-01-15 17:28:54,078 INFO o.a.j.t.JMeterThread: Thread is done: 线程组 1-8
2021-01-15 17:28:54,079 INFO o.a.j.t.JMeterThread: Thread finished: 线程组 1-8
2021-01-15 17:28:54,088 INFO o.a.j.t.JMeterThread: Thread is done: 线程组 1-4
2021-01-15 17:28:54,089 INFO o.a.j.t.JMeterThread: Thread finished: 线程组 1-4
2021-01-15 17:28:54,115 INFO o.a.j.t.JMeterThread: Thread is done: 线程组 1-7
2021-01-15 17:28:54,115 INFO o.a.j.t.JMeterThread: Thread finished: 线程组 1-7
2021-01-15 17:28:54,120 INFO o.a.j.t.JMeterThread: Thread is done: 线程组 1-1
2021-01-15 17:28:54,121 INFO o.a.j.t.JMeterThread: Thread finished: 线程组 1-1
2021-01-15 17:28:54,138 INFO o.a.j.t.JMeterThread: Thread is done: 线程组 1-9
2021-01-15 17:28:54,139 INFO o.a.j.t.JMeterThread: Thread finished: 线程组 1-9
2021-01-15 17:28:54,142 INFO o.a.j.t.JMeterThread: Thread is done: 线程组 1-5
2021-01-15 17:28:54,142 INFO o.a.j.t.JMeterThread: Thread finished: 线程组 1-5
2021-01-15 17:28:54,162 INFO o.a.j.t.JMeterThread: Thread is done: 线程组 1-3
2021-01-15 17:28:54,162 INFO o.a.j.t.JMeterThread: Thread is done: 线程组 1-2
2021-01-15 17:28:54,163 INFO o.a.j.t.JMeterThread: Thread finished: 线程组 1-3
2021-01-15 17:28:54,163 INFO o.a.j.t.JMeterThread: Thread finished: 线程组 1-2
2021-01-15 17:28:54,175 INFO o.a.j.t.JMeterThread: Thread is done: 线程组 1-10
2021-01-15 17:28:54,175 INFO o.a.j.t.JMeterThread: Thread finished: 线程组 1-10
2021-01-15 17:28:54,176 INFO o.a.j.t.JMeterThread: Thread is done: 线程组 1-6
2021-01-15 17:28:54,176 INFO o.a.j.t.JMeterThread: Thread finished: 线程组 1-6
2021-01-15 17:28:54,177 INFO o.a.j.e.StandardJMeterEngine: Notifying test listeners of end of test
2021-01-15 17:28:54,177 INFO o.a.j.g.u.JMeterMenuBar: setRunning(false, *local*)
2021-01-15 17:58:34,896 INFO o.a.j.e.StandardJMeterEngine: Running the test!
2021-01-15 17:58:34,896 INFO o.a.j.s.SampleEvent: List of sample_variables: []
2021-01-15 17:58:34,897 INFO o.a.j.g.u.JMeterMenuBar: setRunning(true, *local*)
2021-01-15 17:58:35,058 INFO o.a.j.e.StandardJMeterEngine: Starting ThreadGroup: 1 : 线程组
2021-01-15 17:58:35,058 INFO o.a.j.e.StandardJMeterEngine: Starting 10 threads for group 线程组.
2021-01-15 17:58:35,058 INFO o.a.j.e.StandardJMeterEngine: Thread will continue on error
2021-01-15 17:58:35,058 INFO o.a.j.t.ThreadGroup: Starting thread group... number=1 threads=10 ramp-up=1 perThread=100.0 delayedStart=false
2021-01-15 17:58:35,059 INFO o.a.j.t.JMeterThread: Thread started: 线程组 1-1
2021-01-15 17:58:35,061 INFO o.a.j.t.ThreadGroup: Started thread group number 1
2021-01-15 17:58:35,061 INFO o.a.j.e.StandardJMeterEngine: All thread groups have been started
2021-01-15 17:58:35,163 INFO o.a.j.t.JMeterThread: Thread started: 线程组 1-2
2021-01-15 17:58:35,263 INFO o.a.j.t.JMeterThread: Thread started: 线程组 1-3
2021-01-15 17:58:35,411 INFO o.a.j.t.JMeterThread: Thread started: 线程组 1-4
2021-01-15 17:58:35,470 INFO o.a.j.t.JMeterThread: Thread started: 线程组 1-5
2021-01-15 17:58:35,573 INFO o.a.j.t.JMeterThread: Thread started: 线程组 1-6
2021-01-15 17:58:35,681 INFO o.a.j.t.JMeterThread: Thread started: 线程组 1-7
2021-01-15 17:58:35,772 INFO o.a.j.t.JMeterThread: Thread started: 线程组 1-8
2021-01-15 17:58:35,984 INFO o.a.j.t.JMeterThread: Thread started: 线程组 1-9
2021-01-15 17:58:36,025 INFO o.a.j.t.JMeterThread: Thread started: 线程组 1-10
2021-01-15 17:59:13,819 INFO o.a.j.t.JMeterThread: Thread is done: 线程组 1-2
2021-01-15 17:59:13,819 INFO o.a.j.t.JMeterThread: Thread finished: 线程组 1-2
2021-01-15 17:59:21,027 INFO o.a.j.t.JMeterThread: Thread is done: 线程组 1-4
2021-01-15 17:59:21,027 INFO o.a.j.t.JMeterThread: Thread finished: 线程组 1-4
2021-01-15 17:59:21,106 INFO o.a.j.t.JMeterThread: Thread is done: 线程组 1-5
2021-01-15 17:59:21,106 INFO o.a.j.t.JMeterThread: Thread finished: 线程组 1-5
2021-01-15 17:59:21,118 INFO o.a.j.t.JMeterThread: Thread is done: 线程组 1-3
2021-01-15 17:59:21,118 INFO o.a.j.t.JMeterThread: Thread finished: 线程组 1-3
2021-01-15 17:59:21,142 INFO o.a.j.t.JMeterThread: Thread is done: 线程组 1-6
2021-01-15 17:59:21,142 INFO o.a.j.t.JMeterThread: Thread finished: 线程组 1-6
2021-01-15 17:59:21,171 INFO o.a.j.t.JMeterThread: Thread is done: 线程组 1-1
2021-01-15 17:59:21,171 INFO o.a.j.t.JMeterThread: Thread finished: 线程组 1-1
2021-01-15 17:59:21,200 INFO o.a.j.t.JMeterThread: Thread is done: 线程组 1-7
2021-01-15 17:59:21,201 INFO o.a.j.t.JMeterThread: Thread finished: 线程组 1-7
2021-01-15 17:59:21,319 INFO o.a.j.t.JMeterThread: Thread is done: 线程组 1-8
2021-01-15 17:59:21,319 INFO o.a.j.t.JMeterThread: Thread finished: 线程组 1-8
2021-01-15 17:59:21,438 INFO o.a.j.t.JMeterThread: Thread is done: 线程组 1-9
2021-01-15 17:59:21,438 INFO o.a.j.t.JMeterThread: Thread finished: 线程组 1-9
2021-01-15 17:59:21,498 INFO o.a.j.t.JMeterThread: Thread is done: 线程组 1-10
2021-01-15 17:59:21,499 INFO o.a.j.t.JMeterThread: Thread finished: 线程组 1-10
2021-01-15 17:59:21,499 INFO o.a.j.e.StandardJMeterEngine: Notifying test listeners of end of test
2021-01-15 17:59:21,500 INFO o.a.j.g.u.JMeterMenuBar: setRunning(false, *local*)
2021-01-15 18:02:16,427 INFO o.a.j.e.StandardJMeterEngine: Running the test!
2021-01-15 18:02:16,428 INFO o.a.j.s.SampleEvent: List of sample_variables: []
2021-01-15 18:02:16,428 INFO o.a.j.g.u.JMeterMenuBar: setRunning(true, *local*)
2021-01-15 18:02:16,562 INFO o.a.j.e.StandardJMeterEngine: Starting ThreadGroup: 1 : 线程组
2021-01-15 18:02:16,562 INFO o.a.j.e.StandardJMeterEngine: Starting 10 threads for group 线程组.
2021-01-15 18:02:16,562 INFO o.a.j.e.StandardJMeterEngine: Thread will continue on error
2021-01-15 18:02:16,562 INFO o.a.j.t.ThreadGroup: Starting thread group... number=1 threads=10 ramp-up=1 perThread=100.0 delayedStart=false
2021-01-15 18:02:16,566 INFO o.a.j.t.ThreadGroup: Started thread group number 1
2021-01-15 18:02:16,566 INFO o.a.j.e.StandardJMeterEngine: All thread groups have been started
2021-01-15 18:02:16,565 INFO o.a.j.t.JMeterThread: Thread started: 线程组 1-1
2021-01-15 18:02:16,665 INFO o.a.j.t.JMeterThread: Thread started: 线程组 1-2
2021-01-15 18:02:16,770 INFO o.a.j.t.JMeterThread: Thread started: 线程组 1-3
2021-01-15 18:02:16,870 INFO o.a.j.t.JMeterThread: Thread started: 线程组 1-4
2021-01-15 18:02:16,971 INFO o.a.j.t.JMeterThread: Thread started: 线程组 1-5
2021-01-15 18:02:17,071 INFO o.a.j.t.JMeterThread: Thread started: 线程组 1-6
2021-01-15 18:02:17,172 INFO o.a.j.t.JMeterThread: Thread started: 线程组 1-7
2021-01-15 18:02:17,271 INFO o.a.j.t.JMeterThread: Thread started: 线程组 1-8
2021-01-15 18:02:17,371 INFO o.a.j.t.JMeterThread: Thread started: 线程组 1-9
2021-01-15 18:02:17,510 INFO o.a.j.t.JMeterThread: Thread started: 线程组 1-10
2021-01-15 18:02:21,542 INFO o.a.j.t.JMeterThread: Thread is done: 线程组 1-6
2021-01-15 18:02:21,542 INFO o.a.j.t.JMeterThread: Thread finished: 线程组 1-6
2021-01-15 18:02:22,145 INFO o.a.j.t.JMeterThread: Thread is done: 线程组 1-4
2021-01-15 18:02:22,145 INFO o.a.j.t.JMeterThread: Thread finished: 线程组 1-4
2021-01-15 18:02:22,245 INFO o.a.j.t.JMeterThread: Thread is done: 线程组 1-5
2021-01-15 18:02:22,245 INFO o.a.j.t.JMeterThread: Thread finished: 线程组 1-5
2021-01-15 18:02:22,425 INFO o.a.j.t.JMeterThread: Thread is done: 线程组 1-3
2021-01-15 18:02:22,425 INFO o.a.j.t.JMeterThread: Thread finished: 线程组 1-3
2021-01-15 18:02:22,493 INFO o.a.j.t.JMeterThread: Thread is done: 线程组 1-10
2021-01-15 18:02:22,494 INFO o.a.j.t.JMeterThread: Thread finished: 线程组 1-10
2021-01-15 18:02:22,621 INFO o.a.j.t.JMeterThread: Thread is done: 线程组 1-8
2021-01-15 18:02:22,621 INFO o.a.j.t.JMeterThread: Thread finished: 线程组 1-8
2021-01-15 18:02:22,673 INFO o.a.j.t.JMeterThread: Thread is done: 线程组 1-7
2021-01-15 18:02:22,674 INFO o.a.j.t.JMeterThread: Thread finished: 线程组 1-7
2021-01-15 18:02:22,687 INFO o.a.j.t.JMeterThread: Thread is done: 线程组 1-2
2021-01-15 18:02:22,687 INFO o.a.j.t.JMeterThread: Thread finished: 线程组 1-2
2021-01-15 18:02:22,700 INFO o.a.j.t.JMeterThread: Thread is done: 线程组 1-9
2021-01-15 18:02:22,700 INFO o.a.j.t.JMeterThread: Thread finished: 线程组 1-9
2021-01-15 18:02:22,713 INFO o.a.j.t.JMeterThread: Thread is done: 线程组 1-1
2021-01-15 18:02:22,713 INFO o.a.j.t.JMeterThread: Thread finished: 线程组 1-1
2021-01-15 18:02:22,713 INFO o.a.j.e.StandardJMeterEngine: Notifying test listeners of end of test
2021-01-15 18:02:22,714 INFO o.a.j.g.u.JMeterMenuBar: setRunning(false, *local*)
2021-01-15 18:04:19,998 INFO o.a.j.e.StandardJMeterEngine: Running the test!
2021-01-15 18:04:19,998 INFO o.a.j.s.SampleEvent: List of sample_variables: []
2021-01-15 18:04:19,998 INFO o.a.j.g.u.JMeterMenuBar: setRunning(true, *local*)
2021-01-15 18:04:20,129 INFO o.a.j.e.StandardJMeterEngine: Starting ThreadGroup: 1 : 线程组
2021-01-15 18:04:20,129 INFO o.a.j.e.StandardJMeterEngine: Starting 10 threads for group 线程组.
2021-01-15 18:04:20,129 INFO o.a.j.e.StandardJMeterEngine: Thread will continue on error
2021-01-15 18:04:20,129 INFO o.a.j.t.ThreadGroup: Starting thread group... number=1 threads=10 ramp-up=1 perThread=100.0 delayedStart=false
2021-01-15 18:04:20,132 INFO o.a.j.t.ThreadGroup: Started thread group number 1
2021-01-15 18:04:20,133 INFO o.a.j.e.StandardJMeterEngine: All thread groups have been started
2021-01-15 18:04:20,135 INFO o.a.j.t.JMeterThread: Thread started: 线程组 1-1
2021-01-15 18:04:20,252 INFO o.a.j.t.JMeterThread: Thread started: 线程组 1-2
2021-01-15 18:04:20,341 INFO o.a.j.t.JMeterThread: Thread started: 线程组 1-3
2021-01-15 18:04:20,448 INFO o.a.j.t.JMeterThread: Thread is done: 线程组 1-1
2021-01-15 18:04:20,449 INFO o.a.j.t.JMeterThread: Thread finished: 线程组 1-1
2021-01-15 18:04:20,452 INFO o.a.j.t.JMeterThread: Thread started: 线程组 1-4
2021-01-15 18:04:20,454 INFO o.a.j.t.JMeterThread: Thread is done: 线程组 1-2
2021-01-15 18:04:20,454 INFO o.a.j.t.JMeterThread: Thread finished: 线程组 1-2
2021-01-15 18:04:20,549 INFO o.a.j.t.JMeterThread: Thread started: 线程组 1-5
2021-01-15 18:04:20,705 INFO o.a.j.t.JMeterThread: Thread is done: 线程组 1-4
2021-01-15 18:04:20,705 INFO o.a.j.t.JMeterThread: Thread finished: 线程组 1-4
2021-01-15 18:04:20,707 INFO o.a.j.t.JMeterThread: Thread started: 线程组 1-6
2021-01-15 18:04:20,750 INFO o.a.j.t.JMeterThread: Thread started: 线程组 1-7
2021-01-15 18:04:20,851 INFO o.a.j.t.JMeterThread: Thread started: 线程组 1-8
2021-01-15 18:04:20,955 INFO o.a.j.t.JMeterThread: Thread started: 线程组 1-9
2021-01-15 18:04:21,030 INFO o.a.j.t.JMeterThread: Thread is done: 线程组 1-5
2021-01-15 18:04:21,030 INFO o.a.j.t.JMeterThread: Thread finished: 线程组 1-5
2021-01-15 18:04:21,055 INFO o.a.j.t.JMeterThread: Thread started: 线程组 1-10
2021-01-15 18:04:21,258 INFO o.a.j.t.JMeterThread: Thread is done: 线程组 1-6
2021-01-15 18:04:21,258 INFO o.a.j.t.JMeterThread: Thread finished: 线程组 1-6
2021-01-15 18:04:21,294 INFO o.a.j.t.JMeterThread: Thread is done: 线程组 1-3
2021-01-15 18:04:21,294 INFO o.a.j.t.JMeterThread: Thread finished: 线程组 1-3
2021-01-15 18:04:21,472 INFO o.a.j.t.JMeterThread: Thread is done: 线程组 1-7
2021-01-15 18:04:21,472 INFO o.a.j.t.JMeterThread: Thread finished: 线程组 1-7
2021-01-15 18:04:21,579 INFO o.a.j.t.JMeterThread: Thread is done: 线程组 1-10
2021-01-15 18:04:21,579 INFO o.a.j.t.JMeterThread: Thread finished: 线程组 1-10
2021-01-15 18:04:21,769 INFO o.a.j.t.JMeterThread: Thread is done: 线程组 1-8
2021-01-15 18:04:21,770 INFO o.a.j.t.JMeterThread: Thread finished: 线程组 1-8
2021-01-15 18:04:21,804 INFO o.a.j.t.JMeterThread: Thread is done: 线程组 1-9
2021-01-15 18:04:21,804 INFO o.a.j.t.JMeterThread: Thread finished: 线程组 1-9
2021-01-15 18:04:21,804 INFO o.a.j.e.StandardJMeterEngine: Notifying test listeners of end of test
2021-01-15 18:04:21,805 INFO o.a.j.g.u.JMeterMenuBar: setRunning(false, *local*)
